[INFO] Scanning for projects...
[INFO] 
[INFO] ------------------< com.supplify:supplier-to-company >------------------
[INFO] Building supplier-to-company 0.0.1-SNAPSHOT
[INFO]   from pom.xml
[INFO] --------------------------------[ jar ]---------------------------------
[INFO] 
[INFO] --- clean:3.4.1:clean (default-clean) @ supplier-to-company ---
[INFO] Deleting D:\supplynest\backend\supplier-to-company-master\target
[INFO] 
[INFO] --- resources:3.3.1:resources (default-resources) @ supplier-to-company ---
[INFO] Copying 1 resource from src\main\resources to target\classes
[INFO] Copying 0 resource from src\main\resources to target\classes
[INFO] 
[INFO] --- compiler:3.14.1:compile (default-compile) @ supplier-to-company ---
[INFO] Recompiling the module because of changed source code.
[INFO] Compiling 54 source files with javac [debug parameters release 17] to target\classes
[WARNING] /D:/supplynest/backend/supplier-to-company-master/src/main/java/com/supplify/supplier_to_company/models/CompanyUser.java:[12,1] Generating equals/hashCode implementation but without a call to superclass, even though this class does not extend java.lang.Object. If this is intentional, add '@EqualsAndHashCode(callSuper=false)' to your type.
[WARNING] /D:/supplynest/backend/supplier-to-company-master/src/main/java/com/supplify/supplier_to_company/models/SupplierUser.java:[12,1] Generating equals/hashCode implementation but without a call to superclass, even though this class does not extend java.lang.Object. If this is intentional, add '@EqualsAndHashCode(callSuper=false)' to your type.
[WARNING] /D:/supplynest/backend/supplier-to-company-master/src/main/java/com/supplify/supplier_to_company/security/JwtConfiguration.java:[20,17] csrf() in org.springframework.security.config.annotation.web.builders.HttpSecurity has been deprecated and marked for removal
[INFO] /D:/supplynest/backend/supplier-to-company-master/src/main/java/com/supplify/supplier_to_company/security/JwtUtil.java: D:\supplynest\backend\supplier-to-company-master\src\main\java\com\supplify\supplier_to_company\security\JwtUtil.java uses or overrides a deprecated API.
[INFO] /D:/supplynest/backend/supplier-to-company-master/src/main/java/com/supplify/supplier_to_company/security/JwtUtil.java: Recompile with -Xlint:deprecation for details.
[INFO] /D:/supplynest/backend/supplier-to-company-master/src/main/java/com/supplify/supplier_to_company/controllers/AuthController.java: Some input files use unchecked or unsafe operations.
[INFO] /D:/supplynest/backend/supplier-to-company-master/src/main/java/com/supplify/supplier_to_company/controllers/AuthController.java: Recompile with -Xlint:unchecked for details.
[INFO] 
[INFO] --- resources:3.3.1:testResources (default-testResources) @ supplier-to-company ---
[INFO] skip non existing resourceDirectory D:\supplynest\backend\supplier-to-company-master\src\test\resources
[INFO] 
[INFO] --- compiler:3.14.1:testCompile (default-testCompile) @ supplier-to-company ---
[INFO] Recompiling the module because of changed dependency.
[INFO] Compiling 1 source file with javac [debug parameters release 17] to target\test-classes
[INFO] 
[INFO] --- surefire:3.5.4:test (default-test) @ supplier-to-company ---
[INFO] Tests are skipped.
[INFO] 
[INFO] --- jar:3.4.2:jar (default-jar) @ supplier-to-company ---
[INFO] Building jar: D:\supplynest\backend\supplier-to-company-master\target\supplier-to-company-0.0.1-SNAPSHOT.jar
[INFO] 
[INFO] --- spring-boot:3.5.7:repackage (repackage) @ supplier-to-company ---
[INFO] Replacing main artifact D:\supplynest\backend\supplier-to-company-master\target\supplier-to-company-0.0.1-SNAPSHOT.jar with repackaged archive, adding nested dependencies in BOOT-INF/.
[INFO] The original artifact has been renamed to D:\supplynest\backend\supplier-to-company-master\target\supplier-to-company-0.0.1-SNAPSHOT.jar.original
[INFO] 
[INFO] --- install:3.1.4:install (default-install) @ supplier-to-company ---
[INFO] Installing D:\supplynest\backend\supplier-to-company-master\pom.xml to C:\Users\Aditya\.m2\repository\com\supplify\supplier-to-company\0.0.1-SNAPSHOT\supplier-to-company-0.0.1-SNAPSHOT.pom
[INFO] Installing D:\supplynest\backend\supplier-to-company-master\target\supplier-to-company-0.0.1-SNAPSHOT.jar to C:\Users\Aditya\.m2\repository\com\supplify\supplier-to-company\0.0.1-SNAPSHOT\supplier-to-company-0.0.1-SNAPSHOT.jar
[INFO] ------------------------------------------------------------------------
[INFO] BUILD SUCCESS
[INFO] ------------------------------------------------------------------------
[INFO] Total time:  7.136 s
[INFO] Finished at: 2025-12-27T15:32:52+05:30
[INFO] ------------------------------------------------------------------------
